SF:lib/application/app/config/app_routes.dart
DA:2,0
LF:1
LH:0
end_of_record
SF:lib/application/app/design/app_colors.dart
DA:4,0
LF:1
LH:0
end_of_record
SF:lib/application/app/design/app_radius.dart
DA:4,0
LF:1
LH:0
end_of_record
SF:lib/application/app/design/app_themes.dart
DA:6,0
DA:7,0
LF:2
LH:0
end_of_record
SF:lib/application/ui/providers/user/user_provider.dart
DA:7,0
DA:14,1
DA:15,1
DA:18,0
LF:4
LH:2
end_of_record
SF:lib/application/ui/screens/home/home_screen.dart
DA:17,0
DA:19,0
DA:20,0
DA:37,0
DA:39,0
DA:40,0
DA:41,0
DA:44,0
DA:46,0
DA:47,0
DA:58,0
DA:59,0
DA:60,0
DA:62,0
DA:63,0
DA:64,0
DA:65,0
DA:66,0
DA:67,0
DA:68,0
DA:69,0
DA:72,0
DA:73,0
DA:74,0
DA:75,0
DA:76,0
DA:80,0
LF:27
LH:0
end_of_record
SF:lib/application/ui/screens/home/i18n/home.i18n.dart
DA:13,0
DA:14,0
DA:15,0
DA:23,0
DA:33,0
DA:35,0
DA:37,0
DA:39,0
DA:41,0
LF:9
LH:0
end_of_record
SF:lib/application/ui/screens/home/widgets/app_bar_widget/app_bar_container_header_widget.dart
DA:9,0
DA:11,0
DA:13,0
DA:16,0
DA:17,0
DA:18,0
DA:20,0
LF:7
LH:0
end_of_record
SF:lib/application/ui/screens/home/widgets/app_bar_widget/app_bar_title_widget.dart
DA:11,3
DA:13,0
DA:15,0
DA:17,0
DA:18,0
DA:27,0
DA:28,0
DA:29,0
DA:31,0
DA:34,0
DA:36,0
DA:37,0
DA:44,0
DA:45,0
DA:46,0
LF:15
LH:1
end_of_record
SF:lib/application/ui/screens/home/widgets/categorias_widget/categories_widget.dart
DA:10,3
DA:12,0
DA:14,0
DA:15,0
DA:16,0
DA:18,0
DA:19,0
DA:25,0
DA:26,0
LF:9
LH:1
end_of_record
SF:lib/application/ui/screens/home/widgets/home_body_widget/mid_home_body_widget.dart
DA:13,0
DA:20,0
DA:22,0
DA:26,0
DA:35,0
DA:37,0
DA:38,0
DA:39,0
DA:40,0
DA:41,0
DA:44,0
DA:45,0
DA:51,0
DA:52,0
DA:53,0
DA:54,0
DA:57,0
DA:58,0
LF:18
LH:0
end_of_record
SF:lib/application/ui/screens/home/widgets/home_body_widget/top_home_body_widget.dart
DA:15,3
DA:17,0
DA:19,0
DA:21,0
DA:27,0
DA:29,0
DA:30,0
DA:32,0
DA:33,0
DA:34,0
DA:37,0
DA:41,0
DA:47,0
DA:51,0
DA:53,0
DA:57,0
LF:16
LH:1
end_of_record
SF:lib/application/ui/screens/home/widgets/recent_transactions_widget/recent_transactions_widget.dart
DA:11,3
DA:13,0
DA:15,0
DA:16,0
DA:17,0
DA:19,0
DA:20,0
DA:26,0
DA:27,0
DA:28,0
DA:31,0
DA:35,0
DA:36,0
DA:41,0
DA:51,0
DA:55,0
DA:56,0
DA:61,0
DA:66,0
LF:19
LH:1
end_of_record
SF:lib/application/ui/screens/home/widgets/transaction_detail/transaction_detail_by_dat_widget.dart
DA:13,0
DA:20,0
DA:22,0
DA:25,0
DA:26,0
DA:27,0
DA:28,0
DA:29,0
DA:30,0
DA:32,0
DA:33,0
DA:36,0
DA:37,0
DA:50,0
DA:54,0
DA:56,0
DA:57,0
DA:60,0
DA:61,0
DA:63,0
DA:64,0
DA:65,0
DA:66,0
DA:68,0
DA:72,0
LF:25
LH:0
end_of_record
SF:lib/application/ui/screens/home/widgets/transaction_detail/transaction_detail_positive_widget.dart
DA:9,0
DA:12,0
DA:14,0
DA:16,0
DA:17,0
DA:21,0
DA:22,0
DA:29,0
DA:31,0
DA:33,0
DA:34,0
DA:35,0
DA:41,0
DA:42,0
DA:49,0
DA:50,0
DA:59,0
LF:17
LH:0
end_of_record
SF:lib/application/ui/screens/home/widgets/transaction_detail/transaction_detail_negative_widget.dart
DA:9,0
DA:12,0
DA:14,0
DA:16,0
DA:17,0
DA:21,0
DA:22,0
DA:29,0
DA:31,0
DA:33,0
DA:34,0
DA:35,0
DA:41,0
DA:42,0
DA:49,0
DA:50,0
DA:52,0
LF:17
LH:0
end_of_record
SF:lib/application/ui/screens/login_screen/i18n/login.i18n.dart
DA:20,0
DA:27,12
DA:28,3
DA:29,3
DA:43,3
DA:59,9
DA:61,0
DA:63,0
DA:65,0
DA:67,0
LF:10
LH:5
end_of_record
SF:lib/application/ui/screens/login_screen/login_screen.dart
DA:10,1
DA:12,1
DA:13,1
DA:19,1
DA:21,1
DA:22,1
DA:23,1
DA:24,1
DA:27,2
DA:28,1
DA:29,2
DA:31,1
DA:32,1
DA:33,1
DA:34,1
DA:40,1
DA:41,2
DA:42,3
DA:46,1
DA:48,1
DA:49,1
DA:50,3
DA:55,1
DA:56,1
DA:62,1
DA:64,2
DA:76,1
DA:78,1
DA:79,1
DA:105,1
DA:136,1
DA:138,1
DA:140,1
DA:141,0
DA:142,0
DA:143,0
LF:36
LH:33
end_of_record
SF:lib/application/ui/screens/login_screen/widgets/form_login.dart
DA:14,4
DA:16,2
DA:17,2
DA:47,2
DA:49,2
DA:50,4
DA:51,4
DA:54,2
DA:56,4
DA:57,4
DA:58,4
DA:59,2
DA:62,2
DA:64,2
DA:65,2
DA:66,2
DA:67,2
DA:68,2
DA:69,2
DA:72,2
DA:73,2
DA:75,2
DA:76,2
DA:77,6
DA:78,2
DA:79,0
DA:80,0
DA:81,0
DA:82,0
DA:85,1
DA:86,2
DA:87,2
DA:90,0
DA:91,0
DA:94,0
DA:95,0
DA:96,0
DA:97,0
DA:98,0
DA:100,0
DA:102,2
DA:103,2
DA:104,4
DA:105,2
DA:109,2
DA:113,2
DA:114,2
DA:116,2
DA:117,1
DA:118,1
DA:119,1
DA:123,0
DA:124,0
DA:125,0
DA:126,0
DA:129,1
DA:130,2
DA:131,2
DA:136,2
DA:137,2
DA:138,4
DA:139,2
DA:142,2
DA:143,2
DA:144,2
DA:147,2
DA:148,1
DA:149,2
DA:150,2
DA:157,2
DA:158,0
DA:159,2
DA:161,2
DA:166,2
DA:170,2
DA:171,2
DA:175,4
DA:176,1
DA:177,3
DA:178,2
DA:180,3
DA:181,3
DA:182,1
DA:183,2
DA:184,3
DA:185,2
DA:187,1
LF:87
LH:70
end_of_record
SF:lib/application/ui/screens/new_screen/new_screen.dart
DA:6,0
DA:8,0
DA:9,0
DA:13,0
DA:15,0
DA:16,0
DA:17,0
DA:20,0
DA:21,0
DA:23,0
LF:10
LH:0
end_of_record
SF:lib/application/ui/screens/other_screen/other_screen.dart
DA:8,0
DA:10,0
DA:11,0
DA:15,0
DA:17,0
DA:18,0
DA:19,0
DA:20,0
DA:22,0
DA:23,0
DA:24,0
DA:25,0
LF:12
LH:0
end_of_record
SF:lib/application/ui/screens/sign_in_screen/i18n/sign_in_.i18n.dart
DA:26,0
DA:34,0
DA:35,0
DA:38,0
DA:39,0
DA:42,0
DA:43,0
DA:46,0
DA:47,0
DA:50,0
DA:51,0
DA:54,0
DA:55,0
DA:58,0
DA:59,0
DA:62,0
DA:63,0
DA:66,0
DA:67,0
DA:70,0
DA:71,0
DA:74,0
DA:75,0
DA:78,0
DA:79,0
DA:82,0
DA:83,0
DA:86,0
DA:87,0
DA:90,0
DA:91,0
DA:96,0
DA:98,0
DA:100,0
DA:102,0
DA:104,0
LF:36
LH:0
end_of_record
SF:lib/application/ui/screens/sign_in_screen/sign_in_screen.dart
DA:12,0
DA:14,0
DA:15,0
DA:19,0
DA:21,0
DA:26,0
DA:27,0
DA:30,0
DA:31,0
DA:32,0
DA:33,0
DA:35,0
DA:37,0
DA:38,0
DA:39,0
DA:46,0
DA:48,0
DA:49,0
DA:55,0
DA:57,0
DA:65,0
DA:66,0
DA:75,0
DA:106,0
DA:107,0
DA:113,0
DA:115,0
DA:128,0
DA:130,0
DA:132,0
DA:133,0
DA:134,0
LF:32
LH:0
end_of_record
SF:lib/application/ui/screens/sign_in_screen/widgets/form_sign.dart
DA:14,3
DA:16,0
DA:17,0
DA:49,0
DA:51,0
DA:52,0
DA:53,0
DA:55,0
DA:58,0
DA:60,0
DA:61,0
DA:62,0
DA:63,0
DA:64,0
DA:65,0
DA:68,0
DA:69,0
DA:70,0
DA:71,0
DA:72,0
DA:73,0
DA:74,0
DA:75,0
DA:76,0
DA:77,0
DA:80,0
DA:81,0
DA:82,0
DA:85,0
DA:86,0
DA:88,0
DA:89,0
DA:90,0
DA:91,0
DA:95,0
DA:99,0
DA:100,0
DA:101,0
DA:102,0
DA:103,0
DA:104,0
DA:105,0
DA:109,0
DA:110,0
DA:111,0
DA:112,0
DA:113,0
DA:116,0
DA:117,0
DA:118,0
DA:121,0
DA:122,0
DA:124,0
DA:125,0
DA:126,0
DA:127,0
DA:131,0
DA:135,0
DA:136,0
DA:137,0
DA:138,0
DA:139,0
DA:143,0
DA:144,0
DA:145,0
DA:146,0
DA:147,0
DA:150,0
DA:151,0
DA:152,0
DA:157,0
DA:158,0
DA:159,0
DA:160,0
DA:163,0
DA:164,0
DA:165,0
DA:168,0
DA:169,0
DA:170,0
DA:171,0
DA:178,0
DA:179,0
DA:180,0
DA:181,0
DA:187,0
DA:188,0
DA:189,0
DA:190,0
DA:197,0
DA:201,0
DA:202,0
DA:206,0
DA:207,0
DA:208,0
DA:209,0
DA:211,0
DA:212,0
DA:213,0
DA:215,0
DA:216,0
DA:217,0
DA:219,0
LF:103
LH:1
end_of_record
SF:lib/core/utils/singleton_shared_prefences/singleton_shared_prefences.dart
DA:13,2
DA:14,1
DA:16,1
DA:17,1
DA:20,1
LF:5
LH:5
end_of_record
SF:lib/application/ui/shared/helpers/validate_input.dart
DA:4,2
DA:5,2
DA:6,1
DA:9,4
DA:10,1
LF:5
LH:5
end_of_record
SF:lib/application/ui/shared/widgets/app_bar_widget/app_bar_widget.dart
DA:10,3
DA:12,0
DA:14,0
DA:15,0
DA:16,0
DA:18,0
DA:23,0
DA:27,0
DA:28,0
DA:29,0
DA:30,0
DA:31,0
DA:37,0
DA:38,0
DA:40,0
DA:41,0
DA:42,0
DA:50,0
DA:51,0
LF:19
LH:1
end_of_record
SF:lib/application/ui/shared/widgets/custom_money_display_widget.dart/custom_money_display_widget.dart
DA:11,0
DA:21,0
DA:23,0
DA:28,0
DA:29,0
DA:30,0
DA:31,0
DA:32,0
DA:34,0
DA:35,0
DA:36,0
DA:37,0
DA:39,0
DA:40,0
DA:41,0
DA:42,0
DA:43,0
LF:17
LH:0
end_of_record
SF:lib/application/ui/shared/widgets/product_detail_card_widget/product_detail_card_widget.dart
DA:17,3
DA:27,0
DA:43,0
DA:48,0
DA:58,0
DA:59,0
DA:60,0
DA:68,0
DA:71,0
DA:73,0
DA:76,0
DA:77,0
DA:79,0
DA:81,0
DA:82,0
DA:83,0
DA:91,0
DA:93,0
DA:94,0
DA:101,0
DA:103,0
DA:117,0
DA:124,0
DA:127,0
DA:129,0
DA:131,0
DA:132,0
DA:133,0
LF:28
LH:1
end_of_record
SF:lib/application/ui/shared/widgets/sumary_card_widget.dart/sumary_card_widget.dart
DA:15,0
DA:22,0
DA:30,0
DA:38,0
DA:40,0
DA:41,0
DA:45,0
DA:48,0
DA:49,0
DA:53,0
DA:54,0
DA:55,0
DA:56,0
DA:57,0
DA:58,0
DA:61,0
DA:63,0
DA:65,0
DA:66,0
DA:69,0
DA:70,0
DA:71,0
DA:73,0
DA:75,0
DA:76,0
DA:86,0
DA:89,0
DA:91,0
DA:92,0
DA:97,0
LF:30
LH:0
end_of_record
SF:lib/application/ui/shared/widgets/sumary_card_widget.dart/sumary_card.i18n.dart
DA:9,0
DA:10,0
DA:11,0
DA:15,0
DA:21,0
DA:23,0
DA:25,0
DA:27,0
DA:29,0
LF:9
LH:0
end_of_record
SF:lib/core/mocks/transaction_mock.dart
DA:6,0
DA:16,0
DA:17,0
DA:18,0
DA:22,0
DA:23,0
DA:28,0
DA:34,0
DA:38,0
DA:39,0
DA:44,0
DA:49,0
DA:54,0
DA:59,0
DA:64,0
DA:69,0
DA:74,0
DA:79,0
DA:84,0
DA:89,0
DA:94,0
DA:99,0
DA:104,0
DA:109,0
DA:114,0
DA:119,0
DA:124,0
DA:129,0
DA:134,0
DA:139,0
DA:144,0
DA:149,0
DA:154,0
DA:159,0
DA:166,0
DA:167,0
DA:171,0
DA:172,0
DA:177,0
DA:183,0
DA:187,0
DA:188,0
DA:193,0
DA:198,0
DA:205,0
DA:206,0
DA:210,0
DA:211,0
DA:216,0
DA:222,0
DA:226,0
DA:227,0
DA:232,0
DA:237,0
DA:244,0
DA:245,0
DA:249,0
DA:250,0
DA:255,0
DA:261,0
DA:265,0
DA:266,0
DA:271,0
DA:276,0
DA:283,0
DA:284,0
DA:288,0
DA:289,0
DA:294,0
DA:300,0
DA:304,0
DA:305,0
DA:310,0
DA:315,0
LF:74
LH:0
end_of_record
SF:lib/domain/entities/user/user.dart
DA:3,0
LF:1
LH:0
end_of_record
SF:lib/domain/entities/transaction/transaction_detail.dart
DA:8,0
LF:1
LH:0
end_of_record
SF:lib/domain/entities/transaction/transaction_detail_by_day.dart
DA:9,0
LF:1
LH:0
end_of_record
SF:lib/domain/entities/transaction/transaction_detail_by_month.dart
DA:7,0
LF:1
LH:0
end_of_record
